CRITICAL - 2024-07-22 01:05:00 --> ErrorException: Undefined variable $datos
[Method: GET, Route: /]
in APPPATH\Views\clientes.php on line 25.
 1 APPPATH\Views\clientes.php(25): CodeIgniter\Debug\Exceptions->errorHandler(2, 'Undefined variable $datos', 'C:\\xampp\\htdocs\\lineastelefonicas\\lineastelefonicas\\app\\Views\\clientes.php', 25)
 2 SYSTEMPATH\View\View.php(234): include('C:\\xampp\\htdocs\\lineastelefonicas\\lineastelefonicas\\app\\Views\\clientes.php')
 3 SYSTEMPATH\View\View.php(237): CodeIgniter\View\View->CodeIgniter\View\{closure}()
 4 SYSTEMPATH\Common.php(1171): CodeIgniter\View\View->render('clientes', [], true)
 5 APPPATH\Controllers\Home.php(9): view('clientes')
 6 SYSTEMPATH\CodeIgniter.php(933): App\Controllers\Home->index()
 7 SYSTEMPATH\CodeIgniter.php(509): CodeIgniter\CodeIgniter->runController(Object(App\Controllers\Home))
 8 SYSTEMPATH\CodeIgniter.php(355): CodeIgniter\CodeIgniter->handleRequest(null, Object(Config\Cache), false)
 9 SYSTEMPATH\Boot.php(325): CodeIgniter\CodeIgniter->run()
10 SYSTEMPATH\Boot.php(67): CodeIgniter\Boot::runCodeIgniter(Object(CodeIgniter\CodeIgniter))
11 FCPATH\index.php(56): CodeIgniter\Boot::bootWeb(Object(Config\Paths))
CRITICAL - 2024-07-22 01:07:28 --> ErrorException: Undefined variable $datos
[Method: GET, Route: /]
in APPPATH\Views\clientes.php on line 25.
 1 APPPATH\Views\clientes.php(25): CodeIgniter\Debug\Exceptions->errorHandler(2, 'Undefined variable $datos', 'C:\\xampp\\htdocs\\lineastelefonicas\\lineastelefonicas\\app\\Views\\clientes.php', 25)
 2 SYSTEMPATH\View\View.php(234): include('C:\\xampp\\htdocs\\lineastelefonicas\\lineastelefonicas\\app\\Views\\clientes.php')
 3 SYSTEMPATH\View\View.php(237): CodeIgniter\View\View->CodeIgniter\View\{closure}()
 4 SYSTEMPATH\Common.php(1171): CodeIgniter\View\View->render('clientes', [], true)
 5 APPPATH\Controllers\Home.php(9): view('clientes')
 6 SYSTEMPATH\CodeIgniter.php(933): App\Controllers\Home->index()
 7 SYSTEMPATH\CodeIgniter.php(509): CodeIgniter\CodeIgniter->runController(Object(App\Controllers\Home))
 8 SYSTEMPATH\CodeIgniter.php(355): CodeIgniter\CodeIgniter->handleRequest(null, Object(Config\Cache), false)
 9 SYSTEMPATH\Boot.php(325): CodeIgniter\CodeIgniter->run()
10 SYSTEMPATH\Boot.php(67): CodeIgniter\Boot::runCodeIgniter(Object(CodeIgniter\CodeIgniter))
11 FCPATH\index.php(56): CodeIgniter\Boot::bootWeb(Object(Config\Paths))
CRITICAL - 2024-07-22 01:07:28 --> ErrorException: Undefined variable $datos
[Method: GET, Route: /]
in APPPATH\Views\clientes.php on line 25.
 1 APPPATH\Views\clientes.php(25): CodeIgniter\Debug\Exceptions->errorHandler(2, 'Undefined variable $datos', 'C:\\xampp\\htdocs\\lineastelefonicas\\lineastelefonicas\\app\\Views\\clientes.php', 25)
 2 SYSTEMPATH\View\View.php(234): include('C:\\xampp\\htdocs\\lineastelefonicas\\lineastelefonicas\\app\\Views\\clientes.php')
 3 SYSTEMPATH\View\View.php(237): CodeIgniter\View\View->CodeIgniter\View\{closure}()
 4 SYSTEMPATH\Common.php(1171): CodeIgniter\View\View->render('clientes', [], true)
 5 APPPATH\Controllers\Home.php(9): view('clientes')
 6 SYSTEMPATH\CodeIgniter.php(933): App\Controllers\Home->index()
 7 SYSTEMPATH\CodeIgniter.php(509): CodeIgniter\CodeIgniter->runController(Object(App\Controllers\Home))
 8 SYSTEMPATH\CodeIgniter.php(355): CodeIgniter\CodeIgniter->handleRequest(null, Object(Config\Cache), false)
 9 SYSTEMPATH\Boot.php(325): CodeIgniter\CodeIgniter->run()
10 SYSTEMPATH\Boot.php(67): CodeIgniter\Boot::runCodeIgniter(Object(CodeIgniter\CodeIgniter))
11 FCPATH\index.php(56): CodeIgniter\Boot::bootWeb(Object(Config\Paths))
CRITICAL - 2024-07-22 01:07:28 --> ErrorException: Undefined variable $datos
[Method: GET, Route: /]
in APPPATH\Views\clientes.php on line 25.
 1 APPPATH\Views\clientes.php(25): CodeIgniter\Debug\Exceptions->errorHandler(2, 'Undefined variable $datos', 'C:\\xampp\\htdocs\\lineastelefonicas\\lineastelefonicas\\app\\Views\\clientes.php', 25)
 2 SYSTEMPATH\View\View.php(234): include('C:\\xampp\\htdocs\\lineastelefonicas\\lineastelefonicas\\app\\Views\\clientes.php')
 3 SYSTEMPATH\View\View.php(237): CodeIgniter\View\View->CodeIgniter\View\{closure}()
 4 SYSTEMPATH\Common.php(1171): CodeIgniter\View\View->render('clientes', [], true)
 5 APPPATH\Controllers\Home.php(9): view('clientes')
 6 SYSTEMPATH\CodeIgniter.php(933): App\Controllers\Home->index()
 7 SYSTEMPATH\CodeIgniter.php(509): CodeIgniter\CodeIgniter->runController(Object(App\Controllers\Home))
 8 SYSTEMPATH\CodeIgniter.php(355): CodeIgniter\CodeIgniter->handleRequest(null, Object(Config\Cache), false)
 9 SYSTEMPATH\Boot.php(325): CodeIgniter\CodeIgniter->run()
10 SYSTEMPATH\Boot.php(67): CodeIgniter\Boot::runCodeIgniter(Object(CodeIgniter\CodeIgniter))
11 FCPATH\index.php(56): CodeIgniter\Boot::bootWeb(Object(Config\Paths))
CRITICAL - 2024-07-22 01:07:28 --> ErrorException: Undefined variable $datos
[Method: GET, Route: /]
in APPPATH\Views\clientes.php on line 25.
 1 APPPATH\Views\clientes.php(25): CodeIgniter\Debug\Exceptions->errorHandler(2, 'Undefined variable $datos', 'C:\\xampp\\htdocs\\lineastelefonicas\\lineastelefonicas\\app\\Views\\clientes.php', 25)
 2 SYSTEMPATH\View\View.php(234): include('C:\\xampp\\htdocs\\lineastelefonicas\\lineastelefonicas\\app\\Views\\clientes.php')
 3 SYSTEMPATH\View\View.php(237): CodeIgniter\View\View->CodeIgniter\View\{closure}()
 4 SYSTEMPATH\Common.php(1171): CodeIgniter\View\View->render('clientes', [], true)
 5 APPPATH\Controllers\Home.php(9): view('clientes')
 6 SYSTEMPATH\CodeIgniter.php(933): App\Controllers\Home->index()
 7 SYSTEMPATH\CodeIgniter.php(509): CodeIgniter\CodeIgniter->runController(Object(App\Controllers\Home))
 8 SYSTEMPATH\CodeIgniter.php(355): CodeIgniter\CodeIgniter->handleRequest(null, Object(Config\Cache), false)
 9 SYSTEMPATH\Boot.php(325): CodeIgniter\CodeIgniter->run()
10 SYSTEMPATH\Boot.php(67): CodeIgniter\Boot::runCodeIgniter(Object(CodeIgniter\CodeIgniter))
11 FCPATH\index.php(56): CodeIgniter\Boot::bootWeb(Object(Config\Paths))
CRITICAL - 2024-07-22 01:07:28 --> ErrorException: Undefined variable $datos
[Method: GET, Route: /]
in APPPATH\Views\clientes.php on line 25.
 1 APPPATH\Views\clientes.php(25): CodeIgniter\Debug\Exceptions->errorHandler(2, 'Undefined variable $datos', 'C:\\xampp\\htdocs\\lineastelefonicas\\lineastelefonicas\\app\\Views\\clientes.php', 25)
 2 SYSTEMPATH\View\View.php(234): include('C:\\xampp\\htdocs\\lineastelefonicas\\lineastelefonicas\\app\\Views\\clientes.php')
 3 SYSTEMPATH\View\View.php(237): CodeIgniter\View\View->CodeIgniter\View\{closure}()
 4 SYSTEMPATH\Common.php(1171): CodeIgniter\View\View->render('clientes', [], true)
 5 APPPATH\Controllers\Home.php(9): view('clientes')
 6 SYSTEMPATH\CodeIgniter.php(933): App\Controllers\Home->index()
 7 SYSTEMPATH\CodeIgniter.php(509): CodeIgniter\CodeIgniter->runController(Object(App\Controllers\Home))
 8 SYSTEMPATH\CodeIgniter.php(355): CodeIgniter\CodeIgniter->handleRequest(null, Object(Config\Cache), false)
 9 SYSTEMPATH\Boot.php(325): CodeIgniter\CodeIgniter->run()
10 SYSTEMPATH\Boot.php(67): CodeIgniter\Boot::runCodeIgniter(Object(CodeIgniter\CodeIgniter))
11 FCPATH\index.php(56): CodeIgniter\Boot::bootWeb(Object(Config\Paths))
CRITICAL - 2024-07-22 01:07:29 --> ErrorException: Undefined variable $datos
[Method: GET, Route: /]
in APPPATH\Views\clientes.php on line 25.
 1 APPPATH\Views\clientes.php(25): CodeIgniter\Debug\Exceptions->errorHandler(2, 'Undefined variable $datos', 'C:\\xampp\\htdocs\\lineastelefonicas\\lineastelefonicas\\app\\Views\\clientes.php', 25)
 2 SYSTEMPATH\View\View.php(234): include('C:\\xampp\\htdocs\\lineastelefonicas\\lineastelefonicas\\app\\Views\\clientes.php')
 3 SYSTEMPATH\View\View.php(237): CodeIgniter\View\View->CodeIgniter\View\{closure}()
 4 SYSTEMPATH\Common.php(1171): CodeIgniter\View\View->render('clientes', [], true)
 5 APPPATH\Controllers\Home.php(9): view('clientes')
 6 SYSTEMPATH\CodeIgniter.php(933): App\Controllers\Home->index()
 7 SYSTEMPATH\CodeIgniter.php(509): CodeIgniter\CodeIgniter->runController(Object(App\Controllers\Home))
 8 SYSTEMPATH\CodeIgniter.php(355): CodeIgniter\CodeIgniter->handleRequest(null, Object(Config\Cache), false)
 9 SYSTEMPATH\Boot.php(325): CodeIgniter\CodeIgniter->run()
10 SYSTEMPATH\Boot.php(67): CodeIgniter\Boot::runCodeIgniter(Object(CodeIgniter\CodeIgniter))
11 FCPATH\index.php(56): CodeIgniter\Boot::bootWeb(Object(Config\Paths))
CRITICAL - 2024-07-22 01:07:29 --> ErrorException: Undefined variable $datos
[Method: GET, Route: /]
in APPPATH\Views\clientes.php on line 25.
 1 APPPATH\Views\clientes.php(25): CodeIgniter\Debug\Exceptions->errorHandler(2, 'Undefined variable $datos', 'C:\\xampp\\htdocs\\lineastelefonicas\\lineastelefonicas\\app\\Views\\clientes.php', 25)
 2 SYSTEMPATH\View\View.php(234): include('C:\\xampp\\htdocs\\lineastelefonicas\\lineastelefonicas\\app\\Views\\clientes.php')
 3 SYSTEMPATH\View\View.php(237): CodeIgniter\View\View->CodeIgniter\View\{closure}()
 4 SYSTEMPATH\Common.php(1171): CodeIgniter\View\View->render('clientes', [], true)
 5 APPPATH\Controllers\Home.php(9): view('clientes')
 6 SYSTEMPATH\CodeIgniter.php(933): App\Controllers\Home->index()
 7 SYSTEMPATH\CodeIgniter.php(509): CodeIgniter\CodeIgniter->runController(Object(App\Controllers\Home))
 8 SYSTEMPATH\CodeIgniter.php(355): CodeIgniter\CodeIgniter->handleRequest(null, Object(Config\Cache), false)
 9 SYSTEMPATH\Boot.php(325): CodeIgniter\CodeIgniter->run()
10 SYSTEMPATH\Boot.php(67): CodeIgniter\Boot::runCodeIgniter(Object(CodeIgniter\CodeIgniter))
11 FCPATH\index.php(56): CodeIgniter\Boot::bootWeb(Object(Config\Paths))
CRITICAL - 2024-07-22 01:07:29 --> ErrorException: Undefined variable $datos
[Method: GET, Route: /]
in APPPATH\Views\clientes.php on line 25.
 1 APPPATH\Views\clientes.php(25): CodeIgniter\Debug\Exceptions->errorHandler(2, 'Undefined variable $datos', 'C:\\xampp\\htdocs\\lineastelefonicas\\lineastelefonicas\\app\\Views\\clientes.php', 25)
 2 SYSTEMPATH\View\View.php(234): include('C:\\xampp\\htdocs\\lineastelefonicas\\lineastelefonicas\\app\\Views\\clientes.php')
 3 SYSTEMPATH\View\View.php(237): CodeIgniter\View\View->CodeIgniter\View\{closure}()
 4 SYSTEMPATH\Common.php(1171): CodeIgniter\View\View->render('clientes', [], true)
 5 APPPATH\Controllers\Home.php(9): view('clientes')
 6 SYSTEMPATH\CodeIgniter.php(933): App\Controllers\Home->index()
 7 SYSTEMPATH\CodeIgniter.php(509): CodeIgniter\CodeIgniter->runController(Object(App\Controllers\Home))
 8 SYSTEMPATH\CodeIgniter.php(355): CodeIgniter\CodeIgniter->handleRequest(null, Object(Config\Cache), false)
 9 SYSTEMPATH\Boot.php(325): CodeIgniter\CodeIgniter->run()
10 SYSTEMPATH\Boot.php(67): CodeIgniter\Boot::runCodeIgniter(Object(CodeIgniter\CodeIgniter))
11 FCPATH\index.php(56): CodeIgniter\Boot::bootWeb(Object(Config\Paths))
CRITICAL - 2024-07-22 01:07:29 --> ErrorException: Undefined variable $datos
[Method: GET, Route: /]
in APPPATH\Views\clientes.php on line 25.
 1 APPPATH\Views\clientes.php(25): CodeIgniter\Debug\Exceptions->errorHandler(2, 'Undefined variable $datos', 'C:\\xampp\\htdocs\\lineastelefonicas\\lineastelefonicas\\app\\Views\\clientes.php', 25)
 2 SYSTEMPATH\View\View.php(234): include('C:\\xampp\\htdocs\\lineastelefonicas\\lineastelefonicas\\app\\Views\\clientes.php')
 3 SYSTEMPATH\View\View.php(237): CodeIgniter\View\View->CodeIgniter\View\{closure}()
 4 SYSTEMPATH\Common.php(1171): CodeIgniter\View\View->render('clientes', [], true)
 5 APPPATH\Controllers\Home.php(9): view('clientes')
 6 SYSTEMPATH\CodeIgniter.php(933): App\Controllers\Home->index()
 7 SYSTEMPATH\CodeIgniter.php(509): CodeIgniter\CodeIgniter->runController(Object(App\Controllers\Home))
 8 SYSTEMPATH\CodeIgniter.php(355): CodeIgniter\CodeIgniter->handleRequest(null, Object(Config\Cache), false)
 9 SYSTEMPATH\Boot.php(325): CodeIgniter\CodeIgniter->run()
10 SYSTEMPATH\Boot.php(67): CodeIgniter\Boot::runCodeIgniter(Object(CodeIgniter\CodeIgniter))
11 FCPATH\index.php(56): CodeIgniter\Boot::bootWeb(Object(Config\Paths))
CRITICAL - 2024-07-22 01:16:36 --> ErrorException: Undefined variable $datos
[Method: GET, Route: /]
in APPPATH\Views\clientes.php on line 25.
 1 APPPATH\Views\clientes.php(25): CodeIgniter\Debug\Exceptions->errorHandler(2, 'Undefined variable $datos', 'C:\\xampp\\htdocs\\lineastelefonicas\\lineastelefonicas\\app\\Views\\clientes.php', 25)
 2 SYSTEMPATH\View\View.php(234): include('C:\\xampp\\htdocs\\lineastelefonicas\\lineastelefonicas\\app\\Views\\clientes.php')
 3 SYSTEMPATH\View\View.php(237): CodeIgniter\View\View->CodeIgniter\View\{closure}()
 4 SYSTEMPATH\Common.php(1171): CodeIgniter\View\View->render('clientes', [], true)
 5 APPPATH\Controllers\Home.php(9): view('clientes')
 6 SYSTEMPATH\CodeIgniter.php(933): App\Controllers\Home->index()
 7 SYSTEMPATH\CodeIgniter.php(509): CodeIgniter\CodeIgniter->runController(Object(App\Controllers\Home))
 8 SYSTEMPATH\CodeIgniter.php(355): CodeIgniter\CodeIgniter->handleRequest(null, Object(Config\Cache), false)
 9 SYSTEMPATH\Boot.php(325): CodeIgniter\CodeIgniter->run()
10 SYSTEMPATH\Boot.php(67): CodeIgniter\Boot::runCodeIgniter(Object(CodeIgniter\CodeIgniter))
11 FCPATH\index.php(56): CodeIgniter\Boot::bootWeb(Object(Config\Paths))
CRITICAL - 2024-07-22 01:16:36 --> ErrorException: Undefined variable $datos
[Method: GET, Route: /]
in APPPATH\Views\clientes.php on line 25.
 1 APPPATH\Views\clientes.php(25): CodeIgniter\Debug\Exceptions->errorHandler(2, 'Undefined variable $datos', 'C:\\xampp\\htdocs\\lineastelefonicas\\lineastelefonicas\\app\\Views\\clientes.php', 25)
 2 SYSTEMPATH\View\View.php(234): include('C:\\xampp\\htdocs\\lineastelefonicas\\lineastelefonicas\\app\\Views\\clientes.php')
 3 SYSTEMPATH\View\View.php(237): CodeIgniter\View\View->CodeIgniter\View\{closure}()
 4 SYSTEMPATH\Common.php(1171): CodeIgniter\View\View->render('clientes', [], true)
 5 APPPATH\Controllers\Home.php(9): view('clientes')
 6 SYSTEMPATH\CodeIgniter.php(933): App\Controllers\Home->index()
 7 SYSTEMPATH\CodeIgniter.php(509): CodeIgniter\CodeIgniter->runController(Object(App\Controllers\Home))
 8 SYSTEMPATH\CodeIgniter.php(355): CodeIgniter\CodeIgniter->handleRequest(null, Object(Config\Cache), false)
 9 SYSTEMPATH\Boot.php(325): CodeIgniter\CodeIgniter->run()
10 SYSTEMPATH\Boot.php(67): CodeIgniter\Boot::runCodeIgniter(Object(CodeIgniter\CodeIgniter))
11 FCPATH\index.php(56): CodeIgniter\Boot::bootWeb(Object(Config\Paths))
CRITICAL - 2024-07-22 01:22:53 --> ErrorException: Undefined variable $datos
[Method: GET, Route: /]
in APPPATH\Views\clientes.php on line 25.
 1 APPPATH\Views\clientes.php(25): CodeIgniter\Debug\Exceptions->errorHandler(2, 'Undefined variable $datos', 'C:\\xampp\\htdocs\\lineastelefonicas\\lineastelefonicas\\app\\Views\\clientes.php', 25)
 2 SYSTEMPATH\View\View.php(234): include('C:\\xampp\\htdocs\\lineastelefonicas\\lineastelefonicas\\app\\Views\\clientes.php')
 3 SYSTEMPATH\View\View.php(237): CodeIgniter\View\View->CodeIgniter\View\{closure}()
 4 SYSTEMPATH\Common.php(1171): CodeIgniter\View\View->render('clientes', [], true)
 5 APPPATH\Controllers\Home.php(9): view('clientes')
 6 SYSTEMPATH\CodeIgniter.php(933): App\Controllers\Home->index()
 7 SYSTEMPATH\CodeIgniter.php(509): CodeIgniter\CodeIgniter->runController(Object(App\Controllers\Home))
 8 SYSTEMPATH\CodeIgniter.php(355): CodeIgniter\CodeIgniter->handleRequest(null, Object(Config\Cache), false)
 9 SYSTEMPATH\Boot.php(325): CodeIgniter\CodeIgniter->run()
10 SYSTEMPATH\Boot.php(67): CodeIgniter\Boot::runCodeIgniter(Object(CodeIgniter\CodeIgniter))
11 FCPATH\index.php(56): CodeIgniter\Boot::bootWeb(Object(Config\Paths))
CRITICAL - 2024-07-22 01:22:56 --> ErrorException: Undefined variable $datos
[Method: GET, Route: /]
in APPPATH\Views\clientes.php on line 25.
 1 APPPATH\Views\clientes.php(25): CodeIgniter\Debug\Exceptions->errorHandler(2, 'Undefined variable $datos', 'C:\\xampp\\htdocs\\lineastelefonicas\\lineastelefonicas\\app\\Views\\clientes.php', 25)
 2 SYSTEMPATH\View\View.php(234): include('C:\\xampp\\htdocs\\lineastelefonicas\\lineastelefonicas\\app\\Views\\clientes.php')
 3 SYSTEMPATH\View\View.php(237): CodeIgniter\View\View->CodeIgniter\View\{closure}()
 4 SYSTEMPATH\Common.php(1171): CodeIgniter\View\View->render('clientes', [], true)
 5 APPPATH\Controllers\Home.php(9): view('clientes')
 6 SYSTEMPATH\CodeIgniter.php(933): App\Controllers\Home->index()
 7 SYSTEMPATH\CodeIgniter.php(509): CodeIgniter\CodeIgniter->runController(Object(App\Controllers\Home))
 8 SYSTEMPATH\CodeIgniter.php(355): CodeIgniter\CodeIgniter->handleRequest(null, Object(Config\Cache), false)
 9 SYSTEMPATH\Boot.php(325): CodeIgniter\CodeIgniter->run()
10 SYSTEMPATH\Boot.php(67): CodeIgniter\Boot::runCodeIgniter(Object(CodeIgniter\CodeIgniter))
11 FCPATH\index.php(56): CodeIgniter\Boot::bootWeb(Object(Config\Paths))
CRITICAL - 2024-07-22 01:22:57 --> ErrorException: Undefined variable $datos
[Method: GET, Route: /]
in APPPATH\Views\clientes.php on line 25.
 1 APPPATH\Views\clientes.php(25): CodeIgniter\Debug\Exceptions->errorHandler(2, 'Undefined variable $datos', 'C:\\xampp\\htdocs\\lineastelefonicas\\lineastelefonicas\\app\\Views\\clientes.php', 25)
 2 SYSTEMPATH\View\View.php(234): include('C:\\xampp\\htdocs\\lineastelefonicas\\lineastelefonicas\\app\\Views\\clientes.php')
 3 SYSTEMPATH\View\View.php(237): CodeIgniter\View\View->CodeIgniter\View\{closure}()
 4 SYSTEMPATH\Common.php(1171): CodeIgniter\View\View->render('clientes', [], true)
 5 APPPATH\Controllers\Home.php(9): view('clientes')
 6 SYSTEMPATH\CodeIgniter.php(933): App\Controllers\Home->index()
 7 SYSTEMPATH\CodeIgniter.php(509): CodeIgniter\CodeIgniter->runController(Object(App\Controllers\Home))
 8 SYSTEMPATH\CodeIgniter.php(355): CodeIgniter\CodeIgniter->handleRequest(null, Object(Config\Cache), false)
 9 SYSTEMPATH\Boot.php(325): CodeIgniter\CodeIgniter->run()
10 SYSTEMPATH\Boot.php(67): CodeIgniter\Boot::runCodeIgniter(Object(CodeIgniter\CodeIgniter))
11 FCPATH\index.php(56): CodeIgniter\Boot::bootWeb(Object(Config\Paths))
CRITICAL - 2024-07-22 01:22:57 --> ErrorException: Undefined variable $datos
[Method: GET, Route: /]
in APPPATH\Views\clientes.php on line 25.
 1 APPPATH\Views\clientes.php(25): CodeIgniter\Debug\Exceptions->errorHandler(2, 'Undefined variable $datos', 'C:\\xampp\\htdocs\\lineastelefonicas\\lineastelefonicas\\app\\Views\\clientes.php', 25)
 2 SYSTEMPATH\View\View.php(234): include('C:\\xampp\\htdocs\\lineastelefonicas\\lineastelefonicas\\app\\Views\\clientes.php')
 3 SYSTEMPATH\View\View.php(237): CodeIgniter\View\View->CodeIgniter\View\{closure}()
 4 SYSTEMPATH\Common.php(1171): CodeIgniter\View\View->render('clientes', [], true)
 5 APPPATH\Controllers\Home.php(9): view('clientes')
 6 SYSTEMPATH\CodeIgniter.php(933): App\Controllers\Home->index()
 7 SYSTEMPATH\CodeIgniter.php(509): CodeIgniter\CodeIgniter->runController(Object(App\Controllers\Home))
 8 SYSTEMPATH\CodeIgniter.php(355): CodeIgniter\CodeIgniter->handleRequest(null, Object(Config\Cache), false)
 9 SYSTEMPATH\Boot.php(325): CodeIgniter\CodeIgniter->run()
10 SYSTEMPATH\Boot.php(67): CodeIgniter\Boot::runCodeIgniter(Object(CodeIgniter\CodeIgniter))
11 FCPATH\index.php(56): CodeIgniter\Boot::bootWeb(Object(Config\Paths))
CRITICAL - 2024-07-22 01:22:57 --> ErrorException: Undefined variable $datos
[Method: GET, Route: /]
in APPPATH\Views\clientes.php on line 25.
 1 APPPATH\Views\clientes.php(25): CodeIgniter\Debug\Exceptions->errorHandler(2, 'Undefined variable $datos', 'C:\\xampp\\htdocs\\lineastelefonicas\\lineastelefonicas\\app\\Views\\clientes.php', 25)
 2 SYSTEMPATH\View\View.php(234): include('C:\\xampp\\htdocs\\lineastelefonicas\\lineastelefonicas\\app\\Views\\clientes.php')
 3 SYSTEMPATH\View\View.php(237): CodeIgniter\View\View->CodeIgniter\View\{closure}()
 4 SYSTEMPATH\Common.php(1171): CodeIgniter\View\View->render('clientes', [], true)
 5 APPPATH\Controllers\Home.php(9): view('clientes')
 6 SYSTEMPATH\CodeIgniter.php(933): App\Controllers\Home->index()
 7 SYSTEMPATH\CodeIgniter.php(509): CodeIgniter\CodeIgniter->runController(Object(App\Controllers\Home))
 8 SYSTEMPATH\CodeIgniter.php(355): CodeIgniter\CodeIgniter->handleRequest(null, Object(Config\Cache), false)
 9 SYSTEMPATH\Boot.php(325): CodeIgniter\CodeIgniter->run()
10 SYSTEMPATH\Boot.php(67): CodeIgniter\Boot::runCodeIgniter(Object(CodeIgniter\CodeIgniter))
11 FCPATH\index.php(56): CodeIgniter\Boot::bootWeb(Object(Config\Paths))
CRITICAL - 2024-07-22 01:48:55 --> ErrorException: Undefined variable $datos
[Method: GET, Route: /]
in APPPATH\Views\clientes.php on line 25.
 1 APPPATH\Views\clientes.php(25): CodeIgniter\Debug\Exceptions->errorHandler(2, 'Undefined variable $datos', 'C:\\xampp\\htdocs\\lineastelefonicas\\lineastelefonicas\\app\\Views\\clientes.php', 25)
 2 SYSTEMPATH\View\View.php(234): include('C:\\xampp\\htdocs\\lineastelefonicas\\lineastelefonicas\\app\\Views\\clientes.php')
 3 SYSTEMPATH\View\View.php(237): CodeIgniter\View\View->CodeIgniter\View\{closure}()
 4 SYSTEMPATH\Common.php(1171): CodeIgniter\View\View->render('clientes', [], true)
 5 APPPATH\Controllers\Home.php(9): view('clientes')
 6 SYSTEMPATH\CodeIgniter.php(933): App\Controllers\Home->index()
 7 SYSTEMPATH\CodeIgniter.php(509): CodeIgniter\CodeIgniter->runController(Object(App\Controllers\Home))
 8 SYSTEMPATH\CodeIgniter.php(355): CodeIgniter\CodeIgniter->handleRequest(null, Object(Config\Cache), false)
 9 SYSTEMPATH\Boot.php(325): CodeIgniter\CodeIgniter->run()
10 SYSTEMPATH\Boot.php(67): CodeIgniter\Boot::runCodeIgniter(Object(CodeIgniter\CodeIgniter))
11 FCPATH\index.php(56): CodeIgniter\Boot::bootWeb(Object(Config\Paths))
CRITICAL - 2024-07-22 02:01:29 --> ErrorException: Undefined variable $datos
[Method: GET, Route: /]
in APPPATH\Views\planes.php on line 28.
 1 APPPATH\Views\planes.php(28): CodeIgniter\Debug\Exceptions->errorHandler(2, 'Undefined variable $datos', 'C:\\xampp\\htdocs\\lineastelefonicas\\lineastelefonicas\\app\\Views\\planes.php', 28)
 2 SYSTEMPATH\View\View.php(234): include('C:\\xampp\\htdocs\\lineastelefonicas\\lineastelefonicas\\app\\Views\\planes.php')
 3 SYSTEMPATH\View\View.php(237): CodeIgniter\View\View->CodeIgniter\View\{closure}()
 4 SYSTEMPATH\Common.php(1171): CodeIgniter\View\View->render('planes', [], true)
 5 APPPATH\Controllers\Home.php(9): view('planes')
 6 SYSTEMPATH\CodeIgniter.php(933): App\Controllers\Home->index()
 7 SYSTEMPATH\CodeIgniter.php(509): CodeIgniter\CodeIgniter->runController(Object(App\Controllers\Home))
 8 SYSTEMPATH\CodeIgniter.php(355): CodeIgniter\CodeIgniter->handleRequest(null, Object(Config\Cache), false)
 9 SYSTEMPATH\Boot.php(325): CodeIgniter\CodeIgniter->run()
10 SYSTEMPATH\Boot.php(67): CodeIgniter\Boot::runCodeIgniter(Object(CodeIgniter\CodeIgniter))
11 FCPATH\index.php(56): CodeIgniter\Boot::bootWeb(Object(Config\Paths))
